<?xml version="1.0" encoding="UTF-8"?>
<!-- Generated by org.testng.reporters.JUnitXMLReporter -->
<testsuite hostname="X" ignored="0" name="Default test" tests="4" failures="0" timestamp="22 Jan 2018 20:56:19 GMT" time="0.048" errors="0">
  <testcase name="LoginAPICarLoan" time="0.008" classname="test.ThirdPractice"/>
  <testcase name="MobileLoginCarLoan" time="0.001" classname="test.ThirdPractice"/>
  <testcase name="MobileSignUpCarLoan" time="0.003" classname="test.ThirdPractice"/>
  <testcase name="WebLoginCarLoan" time="0.001" classname="test.ThirdPractice"/>
</testsuite> <!-- Default test -->
