<?xml version="1.0" encoding="UTF-8"?>
<!-- Generated by org.testng.reporters.JUnitXMLReporter -->
<testsuite hostname="X" ignored="0" name="Car Loan" tests="3" failures="0" timestamp="22 Jan 2018 19:08:15 GMT" time="0.014" errors="0">
  <testcase name="LoginAPICarLoan" time="0.002" classname="test.ThirdPractice"/>
  <testcase name="MobileLoginCarLoan" time="0.001" classname="test.ThirdPractice"/>
  <testcase name="WebLoginCarLoan" time="0.002" classname="test.ThirdPractice"/>
</testsuite> <!-- Car Loan -->
