<?xml version="1.0" encoding="UTF-8"?>
<!-- Generated by org.testng.reporters.JUnitXMLReporter -->
<testsuite hostname="X" ignored="1" name="Car Loan" tests="2" failures="0" timestamp="22 Jan 2018 19:15:19 GMT" time="0.009" errors="0">
  <testcase name="LoginAPICarLoan" time="0.001" classname="test.ThirdPractice"/>
  <testcase name="WebLoginCarLoan" time="0.003" classname="test.ThirdPractice"/>
  <testcase name="MobileLoginCarLoan" time="0.0" classname="test.ThirdPractice">
    <ignored/>
  </testcase> <!-- MobileLoginCarLoan -->
</testsuite> <!-- Car Loan -->
