<?xml version="1.0" encoding="UTF-8"?>
<!-- Generated by org.testng.reporters.JUnitXMLReporter -->
<testsuite hostname="X" ignored="0" name="House Loan" tests="3" failures="0" timestamp="22 Jan 2018 20:51:55 GMT" time="0.021" errors="0">
  <testcase name="LoginAPICarLoan" time="0.002" classname="test.FourthPractice"/>
  <testcase name="MobileLoginCarLoan" time="0.001" classname="test.FourthPractice"/>
  <testcase name="WebLoginHouseLoan" time="0.001" classname="test.FourthPractice"/>
</testsuite> <!-- House Loan -->
