<?xml version="1.0" encoding="UTF-8"?>
<!-- Generated by org.testng.reporters.JUnitXMLReporter -->
<testsuite hostname="X" ignored="1" name="Personal Loan" tests="2" failures="0" timestamp="22 Jan 2018 19:19:34 GMT" time="0.048" errors="0">
  <testcase name="Demo" time="0.013" classname="test.Practice"/>
  <testcase name="personalLoan" time="0.002" classname="test.SecondPractice"/>
  <testcase name="Demo2" time="0.0" classname="test.Practice">
    <ignored/>
  </testcase> <!-- Demo2 -->
</testsuite> <!-- Personal Loan -->
