<?xml version="1.0" encoding="UTF-8"?>
<!-- Generated by org.testng.reporters.JUnitXMLReporter -->
<testsuite hostname="X" ignored="0" name="Personal Loan" tests="10" failures="0" timestamp="22 Jan 2018 19:59:42 GMT" time="0.098" errors="0">
  <testcase name="LoginAPICarLoan" time="0.02" classname="test.FourthPractice"/>
  <testcase name="MobileLoginCarLoan" time="0.003" classname="test.FourthPractice"/>
  <testcase name="WebLoginHouseLoan" time="0.001" classname="test.FourthPractice"/>
  <testcase name="Demo" time="0.002" classname="test.Practice"/>
  <testcase name="Demo2" time="0.002" classname="test.Practice"/>
  <testcase name="personalLoan" time="0.002" classname="test.SecondPractice"/>
  <testcase name="LoginAPICarLoan" time="0.002" classname="test.ThirdPractice"/>
  <testcase name="MobileLoginCarLoan" time="0.002" classname="test.ThirdPractice"/>
  <testcase name="MobileSignUpCarLoan" time="0.002" classname="test.ThirdPractice"/>
  <testcase name="WebLoginCarLoan" time="0.001" classname="test.ThirdPractice"/>
</testsuite> <!-- Personal Loan -->
