<?xml version="1.0" encoding="UTF-8"?>
<!-- Generated by org.testng.reporters.JUnitXMLReporter -->
<testsuite hostname="X" ignored="8" name="Regression" tests="2" failures="0" timestamp="22 Jan 2018 21:10:33 GMT" time="0.055" errors="0">
  <testcase name="personalLoan" time="0.014" classname="test.SecondPractice"/>
  <testcase name="MobileLoginCarLoan" time="0.002" classname="test.ThirdPractice"/>
  <testcase name="LoginAPICarLoan" time="0.0" classname="test.ThirdPractice">
    <ignored/>
  </testcase> <!-- LoginAPICarLoan -->
  <testcase name="LoginAPICarLoan" time="0.0" classname="test.FourthPractice">
    <ignored/>
  </testcase> <!-- LoginAPICarLoan -->
  <testcase name="MobileLoginCarLoan" time="0.0" classname="test.FourthPractice">
    <ignored/>
  </testcase> <!-- MobileLoginCarLoan -->
  <testcase name="WebLoginHouseLoan" time="0.0" classname="test.FourthPractice">
    <ignored/>
  </testcase> <!-- WebLoginHouseLoan -->
  <testcase name="Demo2" time="0.0" classname="test.Practice">
    <ignored/>
  </testcase> <!-- Demo2 -->
  <testcase name="Demo" time="0.0" classname="test.Practice">
    <ignored/>
  </testcase> <!-- Demo -->
  <testcase name="MobileSignUpCarLoan" time="0.0" classname="test.ThirdPractice">
    <ignored/>
  </testcase> <!-- MobileSignUpCarLoan -->
  <testcase name="WebLoginCarLoan" time="0.0" classname="test.ThirdPractice">
    <ignored/>
  </testcase> <!-- WebLoginCarLoan -->
</testsuite> <!-- Regression -->
