<?xml version="1.0" encoding="UTF-8"?>
<testng-results skipped="0" failed="0" ignored="0" total="3" passed="3">
  <reporter-output>
  </reporter-output>
  <suite name="Loan Department" duration-ms="78" started-at="2018-01-22T18:54:17Z" finished-at="2018-01-22T18:54:17Z">
    <groups>
    </groups>
    <test name="Personal Loan" duration-ms="78" started-at="2018-01-22T18:54:17Z" finished-at="2018-01-22T18:54:17Z">
      <class name="test.SecondPractice">
        <test-method status="PASS" signature="personalLoan()[pri:0, instance:test.SecondPractice@5d5eef3d]" name="personalLoan" duration-ms="5" started-at="2018-01-22T10:54:17Z" finished-at="2018-01-22T10:54:17Z">
          <reporter-output>
          </reporter-output>
        </test-method> <!-- personalLoan -->
      </class> <!-- test.SecondPractice -->
      <class name="test.Practice">
        <test-method status="PASS" signature="Demo()[pri:0, instance:test.Practice@4439f31e]" name="Demo" duration-ms="15" started-at="2018-01-22T10:54:17Z" finished-at="2018-01-22T10:54:17Z">
          <reporter-output>
          </reporter-output>
        </test-method> <!-- Demo -->
        <test-method status="PASS" signature="Demo2()[pri:0, instance:test.Practice@4439f31e]" name="Demo2" duration-ms="3" started-at="2018-01-22T10:54:17Z" finished-at="2018-01-22T10:54:17Z">
          <reporter-output>
          </reporter-output>
        </test-method> <!-- Demo2 -->
      </class> <!-- test.Practice -->
    </test> <!-- Personal Loan -->
  </suite> <!-- Loan Department -->
</testng-results>
